<?xml version="1.0" encoding="UTF-8"?>
<testsuite xmlns:xsi="http://www.w3.org/2001/XMLSchema-instance" xsi:noNamespaceSchemaLocation="https://maven.apache.org/surefire/maven-surefire-plugin/xsd/surefire-test-report.xsd" name="com.redhat.fuse.boosters.rest.http.HttpRequestTest" time="10.161" tests="2" errors="0" skipped="0" failures="0">
  <properties>
    <property name="awt.toolkit" value="sun.awt.X11.XToolkit"/>
    <property name="file.encoding.pkg" value="sun.io"/>
    <property name="java.specification.version" value="1.8"/>
    <property name="sun.cpu.isalist" value=""/>
    <property name="sun.jnu.encoding" value="UTF-8"/>
    <property name="java.class.path" value="/projects/java-fuse/target/test-classes:/projects/java-fuse/target/classes:/home/jboss/.m2/repository/org/springframework/boot/spring-boot-starter-web/2.1.6.RELEASE/spring-boot-starter-web-2.1.6.RELEASE.jar:/home/jboss/.m2/repository/org/springframework/boot/spring-boot-starter/2.1.6.RELEASE/spring-boot-starter-2.1.6.RELEASE.jar:/home/jboss/.m2/repository/org/springframework/boot/spring-boot/2.1.6.RELEASE/spring-boot-2.1.6.RELEASE.jar:/home/jboss/.m2/repository/org/springframework/boot/spring-boot-autoconfigure/2.1.6.RELEASE/spring-boot-autoconfigure-2.1.6.RELEASE.jar:/home/jboss/.m2/repository/org/springframework/boot/spring-boot-starter-logging/2.1.6.RELEASE/spring-boot-starter-logging-2.1.6.RELEASE.jar:/home/jboss/.m2/repository/ch/qos/logback/logback-classic/1.2.3/logback-classic-1.2.3.jar:/home/jboss/.m2/repository/ch/qos/logback/logback-core/1.2.3/logback-core-1.2.3.jar:/home/jboss/.m2/repository/org/apache/logging/log4j/log4j-to-slf4j/2.11.2/log4j-to-slf4j-2.11.2.jar:/home/jboss/.m2/repository/org/apache/logging/log4j/log4j-api/2.11.2/log4j-api-2.11.2.jar:/home/jboss/.m2/repository/javax/annotation/javax.annotation-api/1.3.2/javax.annotation-api-1.3.2.jar:/home/jboss/.m2/repository/org/yaml/snakeyaml/1.23/snakeyaml-1.23.jar:/home/jboss/.m2/repository/org/springframework/boot/spring-boot-starter-json/2.1.6.RELEASE/spring-boot-starter-json-2.1.6.RELEASE.jar:/home/jboss/.m2/repository/com/fasterxml/jackson/datatype/jackson-datatype-jdk8/2.9.10.redhat-00003/jackson-datatype-jdk8-2.9.10.redhat-00003.jar:/home/jboss/.m2/repository/com/fasterxml/jackson/datatype/jackson-datatype-jsr310/2.9.10.redhat-00003/jackson-datatype-jsr310-2.9.10.redhat-00003.jar:/home/jboss/.m2/repository/com/fasterxml/jackson/module/jackson-module-parameter-names/2.9.10.redhat-00003/jackson-module-parameter-names-2.9.10.redhat-00003.jar:/home/jboss/.m2/repository/org/hibernate/validator/hibernate-validator/6.0.18.Final-redhat-00001/hibernate-validator-6.0.18.Final-redhat-00001.jar:/home/jboss/.m2/repository/javax/validation/validation-api/2.0.1.Final/validation-api-2.0.1.Final.jar:/home/jboss/.m2/repository/org/jboss/logging/jboss-logging/3.3.2.Final/jboss-logging-3.3.2.Final.jar:/home/jboss/.m2/repository/com/fasterxml/classmate/1.4.0/classmate-1.4.0.jar:/home/jboss/.m2/repository/org/springframework/spring-web/5.1.8.RELEASE/spring-web-5.1.8.RELEASE.jar:/home/jboss/.m2/repository/org/springframework/spring-beans/5.1.8.RELEASE/spring-beans-5.1.8.RELEASE.jar:/home/jboss/.m2/repository/org/springframework/spring-webmvc/5.1.8.RELEASE/spring-webmvc-5.1.8.RELEASE.jar:/home/jboss/.m2/repository/org/springframework/spring-aop/5.1.8.RELEASE/spring-aop-5.1.8.RELEASE.jar:/home/jboss/.m2/repository/org/springframework/spring-context/5.1.8.RELEASE/spring-context-5.1.8.RELEASE.jar:/home/jboss/.m2/repository/org/springframework/spring-expression/5.1.8.RELEASE/spring-expression-5.1.8.RELEASE.jar:/home/jboss/.m2/repository/org/springframework/boot/spring-boot-starter-undertow/2.1.6.RELEASE/spring-boot-starter-undertow-2.1.6.RELEASE.jar:/home/jboss/.m2/repository/io/undertow/undertow-core/2.0.30.SP1-redhat-00001/undertow-core-2.0.30.SP1-redhat-00001.jar:/home/jboss/.m2/repository/org/jboss/xnio/xnio-api/3.3.8.Final/xnio-api-3.3.8.Final.jar:/home/jboss/.m2/repository/org/jboss/xnio/xnio-nio/3.3.8.Final/xnio-nio-3.3.8.Final.jar:/home/jboss/.m2/repository/io/undertow/undertow-servlet/2.0.30.SP1-redhat-00001/undertow-servlet-2.0.30.SP1-redhat-00001.jar:/home/jboss/.m2/repository/org/jboss/spec/javax/annotation/jboss-annotations-api_1.2_spec/1.0.2.Final/jboss-annotations-api_1.2_spec-1.0.2.Final.jar:/home/jboss/.m2/repository/io/undertow/undertow-websockets-jsr/2.0.30.SP1-redhat-00001/undertow-websockets-jsr-2.0.30.SP1-redhat-00001.jar:/home/jboss/.m2/repository/org/jboss/spec/javax/websocket/jboss-websocket-api_1.1_spec/1.1.4.Final/jboss-websocket-api_1.1_spec-1.1.4.Final.jar:/home/jboss/.m2/repository/javax/servlet/javax.servlet-api/4.0.1/javax.servlet-api-4.0.1.jar:/home/jboss/.m2/repository/org/glassfish/javax.el/3.0.0/javax.el-3.0.0.jar:/home/jboss/.m2/repository/org/springframework/boot/spring-boot-starter-actuator/2.1.6.RELEASE/spring-boot-starter-actuator-2.1.6.RELEASE.jar:/home/jboss/.m2/repository/org/springframework/boot/spring-boot-actuator-autoconfigure/2.1.6.RELEASE/spring-boot-actuator-autoconfigure-2.1.6.RELEASE.jar:/home/jboss/.m2/repository/org/springframework/boot/spring-boot-actuator/2.1.6.RELEASE/spring-boot-actuator-2.1.6.RELEASE.jar:/home/jboss/.m2/repository/io/micrometer/micrometer-core/1.1.5/micrometer-core-1.1.5.jar:/home/jboss/.m2/repository/org/hdrhistogram/HdrHistogram/2.1.9/HdrHistogram-2.1.9.jar:/home/jboss/.m2/repository/org/latencyutils/LatencyUtils/2.0.3/LatencyUtils-2.0.3.jar:/home/jboss/.m2/repository/org/webjars/swagger-ui/3.13.0/swagger-ui-3.13.0.jar:/home/jboss/.m2/repository/org/webjars/webjars-locator/0.33/webjars-locator-0.33.jar:/home/jboss/.m2/repository/org/webjars/webjars-locator-core/0.35/webjars-locator-core-0.35.jar:/home/jboss/.m2/repository/org/slf4j/slf4j-api/1.7.26/slf4j-api-1.7.26.jar:/home/jboss/.m2/repository/org/apache/commons/commons-lang3/3.9.0.redhat-00001/commons-lang3-3.9.0.redhat-00001.jar:/home/jboss/.m2/repository/org/apache/commons/commons-compress/1.9/commons-compress-1.9.jar:/home/jboss/.m2/repository/com/fasterxml/jackson/core/jackson-core/2.9.10.redhat-00003/jackson-core-2.9.10.redhat-00003.jar:/home/jboss/.m2/repository/com/fasterxml/jackson/core/jackson-databind/2.9.10.4-redhat-00001/jackson-databind-2.9.10.4-redhat-00001.jar:/home/jboss/.m2/repository/com/fasterxml/jackson/core/jackson-annotations/2.9.10.redhat-00003/jackson-annotations-2.9.10.redhat-00003.jar:/home/jboss/.m2/repository/org/apache/camel/camel-spring-boot-starter/2.23.2.fuse-770010-redhat-00001/camel-spring-boot-starter-2.23.2.fuse-770010-redhat-00001.jar:/home/jboss/.m2/repository/org/apache/camel/camel-spring-boot/2.23.2.fuse-770010-redhat-00001/camel-spring-boot-2.23.2.fuse-770010-redhat-00001.jar:/home/jboss/.m2/repository/org/apache/camel/camel-spring/2.23.2.fuse-770010-redhat-00001/camel-spring-2.23.2.fuse-770010-redhat-00001.jar:/home/jboss/.m2/repository/org/springframework/spring-tx/5.1.8.RELEASE/spring-tx-5.1.8.RELEASE.jar:/home/jboss/.m2/repository/org/apache/camel/camel-core-starter/2.23.2.fuse-770010-redhat-00001/camel-core-starter-2.23.2.fuse-770010-redhat-00001.jar:/home/jboss/.m2/repository/org/apache/camel/camel-http-starter/2.23.2.fuse-770010-redhat-00001/camel-http-starter-2.23.2.fuse-770010-redhat-00001.jar:/home/jboss/.m2/repository/org/apache/camel/camel-http/2.23.2.fuse-770010-redhat-00001/camel-http-2.23.2.fuse-770010-redhat-00001.jar:/home/jboss/.m2/repository/org/apache/camel/camel-http-common/2.23.2.fuse-770010-redhat-00001/camel-http-common-2.23.2.fuse-770010-redhat-00001.jar:/home/jboss/.m2/repository/commons-httpclient/commons-httpclient/3.1.0.redhat-8/commons-httpclient-3.1.0.redhat-8.jar:/home/jboss/.m2/repository/commons-codec/commons-codec/1.13.0.redhat-00001/commons-codec-1.13.0.redhat-00001.jar:/home/jboss/.m2/repository/org/apache/camel/camel-servlet-starter/2.23.2.fuse-770010-redhat-00001/camel-servlet-starter-2.23.2.fuse-770010-redhat-00001.jar:/home/jboss/.m2/repository/org/apache/camel/camel-servlet/2.23.2.fuse-770010-redhat-00001/camel-servlet-2.23.2.fuse-770010-redhat-00001.jar:/home/jboss/.m2/repository/org/apache/camel/camel-jackson-starter/2.23.2.fuse-770010-redhat-00001/camel-jackson-starter-2.23.2.fuse-770010-redhat-00001.jar:/home/jboss/.m2/repository/org/apache/camel/camel-jackson/2.23.2.fuse-770010-redhat-00001/camel-jackson-2.23.2.fuse-770010-redhat-00001.jar:/home/jboss/.m2/repository/com/fasterxml/jackson/module/jackson-module-jaxb-annotations/2.9.10.redhat-00003/jackson-module-jaxb-annotations-2.9.10.redhat-00003.jar:/home/jboss/.m2/repository/org/apache/camel/camel-swagger-java-starter/2.23.2.fuse-770010-redhat-00001/camel-swagger-java-starter-2.23.2.fuse-770010-redhat-00001.jar:/home/jboss/.m2/repository/org/apache/camel/camel-swagger-java/2.23.2.fuse-770010-redhat-00001/camel-swagger-java-2.23.2.fuse-770010-redhat-00001.jar:/home/jboss/.m2/repository/com/fasterxml/jackson/datatype/jackson-datatype-joda/2.9.10.redhat-00003/jackson-datatype-joda-2.9.10.redhat-00003.jar:/home/jboss/.m2/repository/joda-time/joda-time/2.10.2/joda-time-2.10.2.jar:/home/jboss/.m2/repository/com/fasterxml/jackson/dataformat/jackson-dataformat-yaml/2.9.10.redhat-00003/jackson-dataformat-yaml-2.9.10.redhat-00003.jar:/home/jboss/.m2/repository/com/fasterxml/jackson/dataformat/jackson-dataformat-xml/2.9.10.redhat-00003/jackson-dataformat-xml-2.9.10.redhat-00003.jar:/home/jboss/.m2/repository/org/codehaus/woodstox/stax2-api/4.2/stax2-api-4.2.jar:/home/jboss/.m2/repository/com/fasterxml/woodstox/woodstox-core/5.0.3/woodstox-core-5.0.3.jar:/home/jboss/.m2/repository/com/google/guava/guava/27.1-jre/guava-27.1-jre.jar:/home/jboss/.m2/repository/com/google/guava/failureaccess/1.0.1/failureaccess-1.0.1.jar:/home/jboss/.m2/repository/com/google/guava/listenablefuture/9999.0-empty-to-avoid-conflict-with-guava/listenablefuture-9999.0-empty-to-avoid-conflict-with-guava.jar:/home/jboss/.m2/repository/com/google/code/findbugs/jsr305/3.0.2/jsr305-3.0.2.jar:/home/jboss/.m2/repository/org/checkerframework/checker-qual/2.5.2/checker-qual-2.5.2.jar:/home/jboss/.m2/repository/com/google/errorprone/error_prone_annotations/2.2.0/error_prone_annotations-2.2.0.jar:/home/jboss/.m2/repository/com/google/j2objc/j2objc-annotations/1.1/j2objc-annotations-1.1.jar:/home/jboss/.m2/repository/org/codehaus/mojo/animal-sniffer-annotations/1.17/animal-sniffer-annotations-1.17.jar:/home/jboss/.m2/repository/io/swagger/swagger-core/1.5.21/swagger-core-1.5.21.jar:/home/jboss/.m2/repository/io/swagger/swagger-models/1.5.21/swagger-models-1.5.21.jar:/home/jboss/.m2/repository/io/swagger/swagger-annotations/1.5.21/swagger-annotations-1.5.21.jar:/home/jboss/.m2/repository/io/swagger/swagger-jaxrs/1.5.17/swagger-jaxrs-1.5.17.jar:/home/jboss/.m2/repository/javax/ws/rs/jsr311-api/1.1.1/jsr311-api-1.1.1.jar:/home/jboss/.m2/repository/org/reflections/reflections/0.9.11/reflections-0.9.11.jar:/home/jboss/.m2/repository/io/swagger/swagger-parser/1.0.37/swagger-parser-1.0.37.jar:/home/jboss/.m2/repository/org/slf4j/slf4j-ext/1.7.26/slf4j-ext-1.7.26.jar:/home/jboss/.m2/repository/io/fabric8/openshift-client/4.1.0/openshift-client-4.1.0.jar:/home/jboss/.m2/repository/io/fabric8/kubernetes-client/4.1.0/kubernetes-client-4.1.0.jar:/home/jboss/.m2/repository/io/fabric8/kubernetes-model/4.1.0/kubernetes-model-4.1.0.jar:/home/jboss/.m2/repository/com/squareup/okhttp3/logging-interceptor/3.9.1/logging-interceptor-3.9.1.jar:/home/jboss/.m2/repository/org/slf4j/jul-to-slf4j/1.7.26/jul-to-slf4j-1.7.26.jar:/home/jboss/.m2/repository/io/fabric8/zjsonpatch/0.3.0/zjsonpatch-0.3.0.jar:/home/jboss/.m2/repository/com/github/mifmif/generex/1.0.1/generex-1.0.1.jar:/home/jboss/.m2/repository/dk/brics/automaton/automaton/1.11-8/automaton-1.11-8.jar:/home/jboss/.m2/repository/org/springframework/boot/spring-boot-starter-test/2.1.6.RELEASE/spring-boot-starter-test-2.1.6.RELEASE.jar:/home/jboss/.m2/repository/org/springframework/boot/spring-boot-test/2.1.6.RELEASE/spring-boot-test-2.1.6.RELEASE.jar:/home/jboss/.m2/repository/org/springframework/boot/spring-boot-test-autoconfigure/2.1.6.RELEASE/spring-boot-test-autoconfigure-2.1.6.RELEASE.jar:/home/jboss/.m2/repository/com/jayway/jsonpath/json-path/2.4.0/json-path-2.4.0.jar:/home/jboss/.m2/repository/net/minidev/json-smart/2.3/json-smart-2.3.jar:/home/jboss/.m2/repository/net/minidev/accessors-smart/1.2/accessors-smart-1.2.jar:/home/jboss/.m2/repository/org/ow2/asm/asm/7.2/asm-7.2.jar:/home/jboss/.m2/repository/junit/junit/4.12.0.redhat-003/junit-4.12.0.redhat-003.jar:/home/jboss/.m2/repository/org/assertj/assertj-core/3.11.1/assertj-core-3.11.1.jar:/home/jboss/.m2/repository/org/mockito/mockito-core/2.23.4/mockito-core-2.23.4.jar:/home/jboss/.m2/repository/net/bytebuddy/byte-buddy/1.9.13/byte-buddy-1.9.13.jar:/home/jboss/.m2/repository/net/bytebuddy/byte-buddy-agent/1.9.13/byte-buddy-agent-1.9.13.jar:/home/jboss/.m2/repository/org/objenesis/objenesis/2.6/objenesis-2.6.jar:/home/jboss/.m2/repository/org/hamcrest/hamcrest-core/1.3/hamcrest-core-1.3.jar:/home/jboss/.m2/repository/org/hamcrest/hamcrest-library/1.3/hamcrest-library-1.3.jar:/home/jboss/.m2/repository/org/skyscreamer/jsonassert/1.5.0/jsonassert-1.5.0.jar:/home/jboss/.m2/repository/com/vaadin/external/google/android-json/0.0.20131108.vaadin1/android-json-0.0.20131108.vaadin1.jar:/home/jboss/.m2/repository/org/springframework/spring-core/5.1.8.RELEASE/spring-core-5.1.8.RELEASE.jar:/home/jboss/.m2/repository/org/springframework/spring-jcl/5.1.8.RELEASE/spring-jcl-5.1.8.RELEASE.jar:/home/jboss/.m2/repository/org/springframework/spring-test/5.1.8.RELEASE/spring-test-5.1.8.RELEASE.jar:/home/jboss/.m2/repository/org/xmlunit/xmlunit-core/2.6.2/xmlunit-core-2.6.2.jar:/home/jboss/.m2/repository/org/apache/camel/camel-test/2.23.2.fuse-770010-redhat-00001/camel-test-2.23.2.fuse-770010-redhat-00001.jar:/home/jboss/.m2/repository/org/apache/camel/camel-core/2.23.2.fuse-770010-redhat-00001/camel-core-2.23.2.fuse-770010-redhat-00001.jar:/home/jboss/.m2/repository/com/sun/xml/bind/jaxb-core/2.3.0/jaxb-core-2.3.0.jar:/home/jboss/.m2/repository/com/sun/xml/bind/jaxb-impl/2.3.0/jaxb-impl-2.3.0.jar:/home/jboss/.m2/repository/org/arquillian/cube/arquillian-cube-requirement/1.18.2/arquillian-cube-requirement-1.18.2.jar:/home/jboss/.m2/repository/org/arquillian/cube/arquillian-cube-spi/1.18.2/arquillian-cube-spi-1.18.2.jar:/home/jboss/.m2/repository/org/arquillian/reporter/arquillian-core-reporter-api/0.0.3/arquillian-core-reporter-api-0.0.3.jar:/home/jboss/.m2/repository/org/arquillian/reporter/arquillian-reporter-api/0.0.3/arquillian-reporter-api-0.0.3.jar:/home/jboss/.m2/repository/org/arquillian/cube/arquillian-cube-requirement-spi/1.18.2/arquillian-cube-requirement-spi-1.18.2.jar:/home/jboss/.m2/repository/org/jboss/arquillian/junit/arquillian-junit-core/1.4.1.Final/arquillian-junit-core-1.4.1.Final.jar:/home/jboss/.m2/repository/org/arquillian/cube/arquillian-cube-openshift/1.18.2/arquillian-cube-openshift-1.18.2.jar:/home/jboss/.m2/repository/org/arquillian/cube/arquillian-cube-api/1.18.2/arquillian-cube-api-1.18.2.jar:/home/jboss/.m2/repository/org/arquillian/cube/arquillian-cube-core/1.18.2/arquillian-cube-core-1.18.2.jar:/home/jboss/.m2/repository/commons-io/commons-io/2.5.0.redhat-3/commons-io-2.5.0.redhat-3.jar:/home/jboss/.m2/repository/org/arquillian/cube/arquillian-cube-kubernetes/1.18.2/arquillian-cube-kubernetes-1.18.2.jar:/home/jboss/.m2/repository/org/arquillian/cube/fabric8-maven-plugin-build/1.18.2/fabric8-maven-plugin-build-1.18.2.jar:/home/jboss/.m2/repository/org/jboss/shrinkwrap/resolver/shrinkwrap-resolver-impl-maven-embedded/3.0.1/shrinkwrap-resolver-impl-maven-embedded-3.0.1.jar:/home/jboss/.m2/repository/org/jboss/shrinkwrap/shrinkwrap-impl-base/1.2.6/shrinkwrap-impl-base-1.2.6.jar:/home/jboss/.m2/repository/org/jboss/shrinkwrap/shrinkwrap-spi/1.2.6/shrinkwrap-spi-1.2.6.jar:/home/jboss/.m2/repository/org/jboss/shrinkwrap/resolver/shrinkwrap-resolver-api-maven-embedded/3.0.1/shrinkwrap-resolver-api-maven-embedded-3.0.1.jar:/home/jboss/.m2/repository/org/apache/maven/shared/maven-invoker/3.0.0/maven-invoker-3.0.0.jar:/home/jboss/.m2/repository/org/codehaus/plexus/plexus-component-annotations/1.7/plexus-component-annotations-1.7.jar:/home/jboss/.m2/repository/org/fusesource/jansi/jansi/1.11/jansi-1.11.jar:/home/jboss/.m2/repository/org/jboss/shrinkwrap/resolver/shrinkwrap-resolver-api/2.2.6/shrinkwrap-resolver-api-2.2.6.jar:/home/jboss/.m2/repository/org/jboss/shrinkwrap/resolver/shrinkwrap-resolver-spi/2.2.6/shrinkwrap-resolver-spi-2.2.6.jar:/home/jboss/.m2/repository/org/jboss/shrinkwrap/resolver/shrinkwrap-resolver-api-maven/2.2.6/shrinkwrap-resolver-api-maven-2.2.6.jar:/home/jboss/.m2/repository/org/jboss/shrinkwrap/resolver/shrinkwrap-resolver-spi-maven/2.2.6/shrinkwrap-resolver-spi-maven-2.2.6.jar:/home/jboss/.m2/repository/org/jboss/shrinkwrap/resolver/shrinkwrap-resolver-api-maven-archive/2.2.6/shrinkwrap-resolver-api-maven-archive-2.2.6.jar:/home/jboss/.m2/repository/org/jboss/shrinkwrap/resolver/shrinkwrap-resolver-impl-maven/2.2.6/shrinkwrap-resolver-impl-maven-2.2.6.jar:/home/jboss/.m2/repository/org/eclipse/aether/aether-api/1.0.0.v20140518/aether-api-1.0.0.v20140518.jar:/home/jboss/.m2/repository/org/eclipse/aether/aether-impl/1.0.0.v20140518/aether-impl-1.0.0.v20140518.jar:/home/jboss/.m2/repository/org/eclipse/aether/aether-spi/1.0.0.v20140518/aether-spi-1.0.0.v20140518.jar:/home/jboss/.m2/repository/org/eclipse/aether/aether-util/1.0.0.v20140518/aether-util-1.0.0.v20140518.jar:/home/jboss/.m2/repository/org/eclipse/aether/aether-connector-basic/1.0.0.v20140518/aether-connector-basic-1.0.0.v20140518.jar:/home/jboss/.m2/repository/org/eclipse/aether/aether-transport-wagon/1.0.0.v20140518/aether-transport-wagon-1.0.0.v20140518.jar:/home/jboss/.m2/repository/org/apache/maven/maven-aether-provider/3.2.5/maven-aether-provider-3.2.5.jar:/home/jboss/.m2/repository/org/apache/maven/maven-model/3.2.5/maven-model-3.2.5.jar:/home/jboss/.m2/repository/org/apache/maven/maven-model-builder/3.2.5/maven-model-builder-3.2.5.jar:/home/jboss/.m2/repository/org/apache/maven/maven-repository-metadata/3.2.5/maven-repository-metadata-3.2.5.jar:/home/jboss/.m2/repository/org/apache/maven/maven-settings/3.2.5/maven-settings-3.2.5.jar:/home/jboss/.m2/repository/org/apache/maven/maven-settings-builder/3.2.5/maven-settings-builder-3.2.5.jar:/home/jboss/.m2/repository/org/codehaus/plexus/plexus-interpolation/1.21/plexus-interpolation-1.21.jar:/home/jboss/.m2/repository/org/codehaus/plexus/plexus-utils/3.0.20/plexus-utils-3.0.20.jar:/home/jboss/.m2/repository/org/sonatype/plexus/plexus-sec-dispatcher/1.3/plexus-sec-dispatcher-1.3.jar:/home/jboss/.m2/repository/org/sonatype/plexus/plexus-cipher/1.4/plexus-cipher-1.4.jar:/home/jboss/.m2/repository/org/apache/maven/wagon/wagon-provider-api/2.6/wagon-provider-api-2.6.jar:/home/jboss/.m2/repository/org/apache/maven/wagon/wagon-file/2.6/wagon-file-2.6.jar:/home/jboss/.m2/repository/commons-lang/commons-lang/2.6/commons-lang-2.6.jar:/home/jboss/.m2/repository/org/apache/maven/wagon/wagon-http-lightweight/2.6/wagon-http-lightweight-2.6.jar:/home/jboss/.m2/repository/org/apache/maven/wagon/wagon-http-shared/2.6/wagon-http-shared-2.6.jar:/home/jboss/.m2/repository/org/jsoup/jsoup/1.7.2/jsoup-1.7.2.jar:/home/jboss/.m2/repository/org/jboss/shrinkwrap/resolver/shrinkwrap-resolver-impl-maven-archive/2.2.6/shrinkwrap-resolver-impl-maven-archive-2.2.6.jar:/home/jboss/.m2/repository/org/jboss/shrinkwrap/resolver/shrinkwrap-resolver-spi-maven-archive/2.2.6/shrinkwrap-resolver-spi-maven-archive-2.2.6.jar:/home/jboss/.m2/repository/org/eclipse/sisu/org.eclipse.sisu.plexus/0.3.0.M1/org.eclipse.sisu.plexus-0.3.0.M1.jar:/home/jboss/.m2/repository/javax/enterprise/cdi-api/1.2.0.redhat-2/cdi-api-1.2.0.redhat-2.jar:/home/jboss/.m2/repository/javax/el/javax.el-api/3.0.0/javax.el-api-3.0.0.jar:/home/jboss/.m2/repository/javax/interceptor/javax.interceptor-api/1.2/javax.interceptor-api-1.2.jar:/home/jboss/.m2/repository/org/eclipse/sisu/org.eclipse.sisu.inject/0.3.0.M1/org.eclipse.sisu.inject-0.3.0.M1.jar:/home/jboss/.m2/repository/org/codehaus/plexus/plexus-compiler-javac/2.3/plexus-compiler-javac-2.3.jar:/home/jboss/.m2/repository/org/codehaus/plexus/plexus-compiler-api/2.3/plexus-compiler-api-2.3.jar:/home/jboss/.m2/repository/org/arquillian/spacelift/arquillian-spacelift/1.0.2/arquillian-spacelift-1.0.2.jar:/home/jboss/.m2/repository/org/arquillian/spacelift/arquillian-spacelift-api/1.0.2/arquillian-spacelift-api-1.0.2.jar:/home/jboss/.m2/repository/org/jboss/arquillian/core/arquillian-core-spi/1.4.1.Final/arquillian-core-spi-1.4.1.Final.jar:/home/jboss/.m2/repository/org/jboss/arquillian/core/arquillian-core-api/1.4.1.Final/arquillian-core-api-1.4.1.Final.jar:/home/jboss/.m2/repository/org/jboss/arquillian/config/arquillian-config-api/1.4.1.Final/arquillian-config-api-1.4.1.Final.jar:/home/jboss/.m2/repository/org/jboss/shrinkwrap/descriptors/shrinkwrap-descriptors-api-base/2.0.0/shrinkwrap-descriptors-api-base-2.0.0.jar:/home/jboss/.m2/repository/org/jboss/arquillian/test/arquillian-test-spi/1.4.1.Final/arquillian-test-spi-1.4.1.Final.jar:/home/jboss/.m2/repository/org/jboss/arquillian/test/arquillian-test-api/1.4.1.Final/arquillian-test-api-1.4.1.Final.jar:/home/jboss/.m2/repository/org/awaitility/awaitility/3.1.3/awaitility-3.1.3.jar:/home/jboss/.m2/repository/io/github/lukehutch/fast-classpath-scanner/2.9.3/fast-classpath-scanner-2.9.3.jar:/home/jboss/.m2/repository/javax/inject/javax.inject/1.0.0.redhat-6/javax.inject-1.0.0.redhat-6.jar:/home/jboss/.m2/repository/io/fabric8/kubernetes-openshift-uberjar/4.0.3/kubernetes-openshift-uberjar-4.0.3-versioned.jar:/home/jboss/.m2/repository/org/arquillian/cube/arquillian-cube-openshift-api/1.18.2/arquillian-cube-openshift-api-1.18.2.jar:/home/jboss/.m2/repository/org/jboss/jboss-dmr/1.2.0.Final/jboss-dmr-1.2.0.Final.jar:/home/jboss/.m2/repository/org/jboss/shrinkwrap/shrinkwrap-api/1.2.6/shrinkwrap-api-1.2.6.jar:/home/jboss/.m2/repository/org/jboss/shrinkwrap/descriptors/shrinkwrap-descriptors-impl-javaee/2.0.0/shrinkwrap-descriptors-impl-javaee-2.0.0.jar:/home/jboss/.m2/repository/org/jboss/shrinkwrap/descriptors/shrinkwrap-descriptors-api-javaee/2.0.0/shrinkwrap-descriptors-api-javaee-2.0.0.jar:/home/jboss/.m2/repository/org/jboss/shrinkwrap/descriptors/shrinkwrap-descriptors-impl-base/2.0.0/shrinkwrap-descriptors-impl-base-2.0.0.jar:/home/jboss/.m2/repository/org/javassist/javassist/3.18.1-GA/javassist-3.18.1-GA.jar:/home/jboss/.m2/repository/com/fasterxml/jackson/jaxrs/jackson-jaxrs-json-provider/2.9.10.redhat-00003/jackson-jaxrs-json-provider-2.9.10.redhat-00003.jar:/home/jboss/.m2/repository/com/fasterxml/jackson/jaxrs/jackson-jaxrs-base/2.9.10.redhat-00003/jackson-jaxrs-base-2.9.10.redhat-00003.jar:/home/jboss/.m2/repository/com/squareup/okhttp3/okhttp/3.8.0/okhttp-3.8.0.jar:/home/jboss/.m2/repository/com/squareup/okio/okio/1.13.0/okio-1.13.0.jar:/home/jboss/.m2/repository/org/kohsuke/metainf-services/metainf-services/1.6/metainf-services-1.6.jar:/home/jboss/.m2/repository/org/jolokia/jolokia-client-java/1.3.4/jolokia-client-java-1.3.4.jar:/home/jboss/.m2/repository/com/googlecode/json-simple/json-simple/1.1.1/json-simple-1.1.1.jar:/home/jboss/.m2/repository/org/jboss/arquillian/junit/arquillian-junit-standalone/1.4.1.Final/arquillian-junit-standalone-1.4.1.Final.jar:/home/jboss/.m2/repository/org/jboss/arquillian/core/arquillian-core-impl-base/1.4.1.Final/arquillian-core-impl-base-1.4.1.Final.jar:/home/jboss/.m2/repository/org/jboss/arquillian/test/arquillian-test-impl-base/1.4.1.Final/arquillian-test-impl-base-1.4.1.Final.jar:/home/jboss/.m2/repository/org/jboss/arquillian/config/arquillian-config-impl-base/1.4.1.Final/arquillian-config-impl-base-1.4.1.Final.jar:/home/jboss/.m2/repository/org/jboss/arquillian/config/arquillian-config-spi/1.4.1.Final/arquillian-config-spi-1.4.1.Final.jar:/home/jboss/.m2/repository/org/jboss/shrinkwrap/descriptors/shrinkwrap-descriptors-spi/2.0.0/shrinkwrap-descriptors-spi-2.0.0.jar:"/>
    <property name="java.vm.vendor" value="Red Hat, Inc."/>
    <property name="sun.arch.data.model" value="64"/>
    <property name="java.vendor.url" value="https://www.redhat.com/"/>
    <property name="user.timezone" value=""/>
    <property name="java.vm.specification.version" value="1.8"/>
    <property name="os.name" value="Linux"/>
    <property name="sun.java.launcher" value="SUN_STANDARD"/>
    <property name="sun.boot.library.path" value="/usr/lib/jvm/java-1.8.0-openjdk-1.8.0.282.b08-2.el8_3.x86_64/jre/lib/amd64"/>
    <property name="sun.java.command" value="/projects/java-fuse/target/surefire/surefirebooter7764387668933503749.jar /projects/java-fuse/target/surefire 2021-04-12T21-44-35_577-jvmRun1 surefire2437516662718408026tmp surefire_07780293552130314240tmp"/>
    <property name="surefire.test.class.path" value="/projects/java-fuse/target/test-classes:/projects/java-fuse/target/classes:/home/jboss/.m2/repository/org/springframework/boot/spring-boot-starter-web/2.1.6.RELEASE/spring-boot-starter-web-2.1.6.RELEASE.jar:/home/jboss/.m2/repository/org/springframework/boot/spring-boot-starter/2.1.6.RELEASE/spring-boot-starter-2.1.6.RELEASE.jar:/home/jboss/.m2/repository/org/springframework/boot/spring-boot/2.1.6.RELEASE/spring-boot-2.1.6.RELEASE.jar:/home/jboss/.m2/repository/org/springframework/boot/spring-boot-autoconfigure/2.1.6.RELEASE/spring-boot-autoconfigure-2.1.6.RELEASE.jar:/home/jboss/.m2/repository/org/springframework/boot/spring-boot-starter-logging/2.1.6.RELEASE/spring-boot-starter-logging-2.1.6.RELEASE.jar:/home/jboss/.m2/repository/ch/qos/logback/logback-classic/1.2.3/logback-classic-1.2.3.jar:/home/jboss/.m2/repository/ch/qos/logback/logback-core/1.2.3/logback-core-1.2.3.jar:/home/jboss/.m2/repository/org/apache/logging/log4j/log4j-to-slf4j/2.11.2/log4j-to-slf4j-2.11.2.jar:/home/jboss/.m2/repository/org/apache/logging/log4j/log4j-api/2.11.2/log4j-api-2.11.2.jar:/home/jboss/.m2/repository/javax/annotation/javax.annotation-api/1.3.2/javax.annotation-api-1.3.2.jar:/home/jboss/.m2/repository/org/yaml/snakeyaml/1.23/snakeyaml-1.23.jar:/home/jboss/.m2/repository/org/springframework/boot/spring-boot-starter-json/2.1.6.RELEASE/spring-boot-starter-json-2.1.6.RELEASE.jar:/home/jboss/.m2/repository/com/fasterxml/jackson/datatype/jackson-datatype-jdk8/2.9.10.redhat-00003/jackson-datatype-jdk8-2.9.10.redhat-00003.jar:/home/jboss/.m2/repository/com/fasterxml/jackson/datatype/jackson-datatype-jsr310/2.9.10.redhat-00003/jackson-datatype-jsr310-2.9.10.redhat-00003.jar:/home/jboss/.m2/repository/com/fasterxml/jackson/module/jackson-module-parameter-names/2.9.10.redhat-00003/jackson-module-parameter-names-2.9.10.redhat-00003.jar:/home/jboss/.m2/repository/org/hibernate/validator/hibernate-validator/6.0.18.Final-redhat-00001/hibernate-validator-6.0.18.Final-redhat-00001.jar:/home/jboss/.m2/repository/javax/validation/validation-api/2.0.1.Final/validation-api-2.0.1.Final.jar:/home/jboss/.m2/repository/org/jboss/logging/jboss-logging/3.3.2.Final/jboss-logging-3.3.2.Final.jar:/home/jboss/.m2/repository/com/fasterxml/classmate/1.4.0/classmate-1.4.0.jar:/home/jboss/.m2/repository/org/springframework/spring-web/5.1.8.RELEASE/spring-web-5.1.8.RELEASE.jar:/home/jboss/.m2/repository/org/springframework/spring-beans/5.1.8.RELEASE/spring-beans-5.1.8.RELEASE.jar:/home/jboss/.m2/repository/org/springframework/spring-webmvc/5.1.8.RELEASE/spring-webmvc-5.1.8.RELEASE.jar:/home/jboss/.m2/repository/org/springframework/spring-aop/5.1.8.RELEASE/spring-aop-5.1.8.RELEASE.jar:/home/jboss/.m2/repository/org/springframework/spring-context/5.1.8.RELEASE/spring-context-5.1.8.RELEASE.jar:/home/jboss/.m2/repository/org/springframework/spring-expression/5.1.8.RELEASE/spring-expression-5.1.8.RELEASE.jar:/home/jboss/.m2/repository/org/springframework/boot/spring-boot-starter-undertow/2.1.6.RELEASE/spring-boot-starter-undertow-2.1.6.RELEASE.jar:/home/jboss/.m2/repository/io/undertow/undertow-core/2.0.30.SP1-redhat-00001/undertow-core-2.0.30.SP1-redhat-00001.jar:/home/jboss/.m2/repository/org/jboss/xnio/xnio-api/3.3.8.Final/xnio-api-3.3.8.Final.jar:/home/jboss/.m2/repository/org/jboss/xnio/xnio-nio/3.3.8.Final/xnio-nio-3.3.8.Final.jar:/home/jboss/.m2/repository/io/undertow/undertow-servlet/2.0.30.SP1-redhat-00001/undertow-servlet-2.0.30.SP1-redhat-00001.jar:/home/jboss/.m2/repository/org/jboss/spec/javax/annotation/jboss-annotations-api_1.2_spec/1.0.2.Final/jboss-annotations-api_1.2_spec-1.0.2.Final.jar:/home/jboss/.m2/repository/io/undertow/undertow-websockets-jsr/2.0.30.SP1-redhat-00001/undertow-websockets-jsr-2.0.30.SP1-redhat-00001.jar:/home/jboss/.m2/repository/org/jboss/spec/javax/websocket/jboss-websocket-api_1.1_spec/1.1.4.Final/jboss-websocket-api_1.1_spec-1.1.4.Final.jar:/home/jboss/.m2/repository/javax/servlet/javax.servlet-api/4.0.1/javax.servlet-api-4.0.1.jar:/home/jboss/.m2/repository/org/glassfish/javax.el/3.0.0/javax.el-3.0.0.jar:/home/jboss/.m2/repository/org/springframework/boot/spring-boot-starter-actuator/2.1.6.RELEASE/spring-boot-starter-actuator-2.1.6.RELEASE.jar:/home/jboss/.m2/repository/org/springframework/boot/spring-boot-actuator-autoconfigure/2.1.6.RELEASE/spring-boot-actuator-autoconfigure-2.1.6.RELEASE.jar:/home/jboss/.m2/repository/org/springframework/boot/spring-boot-actuator/2.1.6.RELEASE/spring-boot-actuator-2.1.6.RELEASE.jar:/home/jboss/.m2/repository/io/micrometer/micrometer-core/1.1.5/micrometer-core-1.1.5.jar:/home/jboss/.m2/repository/org/hdrhistogram/HdrHistogram/2.1.9/HdrHistogram-2.1.9.jar:/home/jboss/.m2/repository/org/latencyutils/LatencyUtils/2.0.3/LatencyUtils-2.0.3.jar:/home/jboss/.m2/repository/org/webjars/swagger-ui/3.13.0/swagger-ui-3.13.0.jar:/home/jboss/.m2/repository/org/webjars/webjars-locator/0.33/webjars-locator-0.33.jar:/home/jboss/.m2/repository/org/webjars/webjars-locator-core/0.35/webjars-locator-core-0.35.jar:/home/jboss/.m2/repository/org/slf4j/slf4j-api/1.7.26/slf4j-api-1.7.26.jar:/home/jboss/.m2/repository/org/apache/commons/commons-lang3/3.9.0.redhat-00001/commons-lang3-3.9.0.redhat-00001.jar:/home/jboss/.m2/repository/org/apache/commons/commons-compress/1.9/commons-compress-1.9.jar:/home/jboss/.m2/repository/com/fasterxml/jackson/core/jackson-core/2.9.10.redhat-00003/jackson-core-2.9.10.redhat-00003.jar:/home/jboss/.m2/repository/com/fasterxml/jackson/core/jackson-databind/2.9.10.4-redhat-00001/jackson-databind-2.9.10.4-redhat-00001.jar:/home/jboss/.m2/repository/com/fasterxml/jackson/core/jackson-annotations/2.9.10.redhat-00003/jackson-annotations-2.9.10.redhat-00003.jar:/home/jboss/.m2/repository/org/apache/camel/camel-spring-boot-starter/2.23.2.fuse-770010-redhat-00001/camel-spring-boot-starter-2.23.2.fuse-770010-redhat-00001.jar:/home/jboss/.m2/repository/org/apache/camel/camel-spring-boot/2.23.2.fuse-770010-redhat-00001/camel-spring-boot-2.23.2.fuse-770010-redhat-00001.jar:/home/jboss/.m2/repository/org/apache/camel/camel-spring/2.23.2.fuse-770010-redhat-00001/camel-spring-2.23.2.fuse-770010-redhat-00001.jar:/home/jboss/.m2/repository/org/springframework/spring-tx/5.1.8.RELEASE/spring-tx-5.1.8.RELEASE.jar:/home/jboss/.m2/repository/org/apache/camel/camel-core-starter/2.23.2.fuse-770010-redhat-00001/camel-core-starter-2.23.2.fuse-770010-redhat-00001.jar:/home/jboss/.m2/repository/org/apache/camel/camel-http-starter/2.23.2.fuse-770010-redhat-00001/camel-http-starter-2.23.2.fuse-770010-redhat-00001.jar:/home/jboss/.m2/repository/org/apache/camel/camel-http/2.23.2.fuse-770010-redhat-00001/camel-http-2.23.2.fuse-770010-redhat-00001.jar:/home/jboss/.m2/repository/org/apache/camel/camel-http-common/2.23.2.fuse-770010-redhat-00001/camel-http-common-2.23.2.fuse-770010-redhat-00001.jar:/home/jboss/.m2/repository/commons-httpclient/commons-httpclient/3.1.0.redhat-8/commons-httpclient-3.1.0.redhat-8.jar:/home/jboss/.m2/repository/commons-codec/commons-codec/1.13.0.redhat-00001/commons-codec-1.13.0.redhat-00001.jar:/home/jboss/.m2/repository/org/apache/camel/camel-servlet-starter/2.23.2.fuse-770010-redhat-00001/camel-servlet-starter-2.23.2.fuse-770010-redhat-00001.jar:/home/jboss/.m2/repository/org/apache/camel/camel-servlet/2.23.2.fuse-770010-redhat-00001/camel-servlet-2.23.2.fuse-770010-redhat-00001.jar:/home/jboss/.m2/repository/org/apache/camel/camel-jackson-starter/2.23.2.fuse-770010-redhat-00001/camel-jackson-starter-2.23.2.fuse-770010-redhat-00001.jar:/home/jboss/.m2/repository/org/apache/camel/camel-jackson/2.23.2.fuse-770010-redhat-00001/camel-jackson-2.23.2.fuse-770010-redhat-00001.jar:/home/jboss/.m2/repository/com/fasterxml/jackson/module/jackson-module-jaxb-annotations/2.9.10.redhat-00003/jackson-module-jaxb-annotations-2.9.10.redhat-00003.jar:/home/jboss/.m2/repository/org/apache/camel/camel-swagger-java-starter/2.23.2.fuse-770010-redhat-00001/camel-swagger-java-starter-2.23.2.fuse-770010-redhat-00001.jar:/home/jboss/.m2/repository/org/apache/camel/camel-swagger-java/2.23.2.fuse-770010-redhat-00001/camel-swagger-java-2.23.2.fuse-770010-redhat-00001.jar:/home/jboss/.m2/repository/com/fasterxml/jackson/datatype/jackson-datatype-joda/2.9.10.redhat-00003/jackson-datatype-joda-2.9.10.redhat-00003.jar:/home/jboss/.m2/repository/joda-time/joda-time/2.10.2/joda-time-2.10.2.jar:/home/jboss/.m2/repository/com/fasterxml/jackson/dataformat/jackson-dataformat-yaml/2.9.10.redhat-00003/jackson-dataformat-yaml-2.9.10.redhat-00003.jar:/home/jboss/.m2/repository/com/fasterxml/jackson/dataformat/jackson-dataformat-xml/2.9.10.redhat-00003/jackson-dataformat-xml-2.9.10.redhat-00003.jar:/home/jboss/.m2/repository/org/codehaus/woodstox/stax2-api/4.2/stax2-api-4.2.jar:/home/jboss/.m2/repository/com/fasterxml/woodstox/woodstox-core/5.0.3/woodstox-core-5.0.3.jar:/home/jboss/.m2/repository/com/google/guava/guava/27.1-jre/guava-27.1-jre.jar:/home/jboss/.m2/repository/com/google/guava/failureaccess/1.0.1/failureaccess-1.0.1.jar:/home/jboss/.m2/repository/com/google/guava/listenablefuture/9999.0-empty-to-avoid-conflict-with-guava/listenablefuture-9999.0-empty-to-avoid-conflict-with-guava.jar:/home/jboss/.m2/repository/com/google/code/findbugs/jsr305/3.0.2/jsr305-3.0.2.jar:/home/jboss/.m2/repository/org/checkerframework/checker-qual/2.5.2/checker-qual-2.5.2.jar:/home/jboss/.m2/repository/com/google/errorprone/error_prone_annotations/2.2.0/error_prone_annotations-2.2.0.jar:/home/jboss/.m2/repository/com/google/j2objc/j2objc-annotations/1.1/j2objc-annotations-1.1.jar:/home/jboss/.m2/repository/org/codehaus/mojo/animal-sniffer-annotations/1.17/animal-sniffer-annotations-1.17.jar:/home/jboss/.m2/repository/io/swagger/swagger-core/1.5.21/swagger-core-1.5.21.jar:/home/jboss/.m2/repository/io/swagger/swagger-models/1.5.21/swagger-models-1.5.21.jar:/home/jboss/.m2/repository/io/swagger/swagger-annotations/1.5.21/swagger-annotations-1.5.21.jar:/home/jboss/.m2/repository/io/swagger/swagger-jaxrs/1.5.17/swagger-jaxrs-1.5.17.jar:/home/jboss/.m2/repository/javax/ws/rs/jsr311-api/1.1.1/jsr311-api-1.1.1.jar:/home/jboss/.m2/repository/org/reflections/reflections/0.9.11/reflections-0.9.11.jar:/home/jboss/.m2/repository/io/swagger/swagger-parser/1.0.37/swagger-parser-1.0.37.jar:/home/jboss/.m2/repository/org/slf4j/slf4j-ext/1.7.26/slf4j-ext-1.7.26.jar:/home/jboss/.m2/repository/io/fabric8/openshift-client/4.1.0/openshift-client-4.1.0.jar:/home/jboss/.m2/repository/io/fabric8/kubernetes-client/4.1.0/kubernetes-client-4.1.0.jar:/home/jboss/.m2/repository/io/fabric8/kubernetes-model/4.1.0/kubernetes-model-4.1.0.jar:/home/jboss/.m2/repository/com/squareup/okhttp3/logging-interceptor/3.9.1/logging-interceptor-3.9.1.jar:/home/jboss/.m2/repository/org/slf4j/jul-to-slf4j/1.7.26/jul-to-slf4j-1.7.26.jar:/home/jboss/.m2/repository/io/fabric8/zjsonpatch/0.3.0/zjsonpatch-0.3.0.jar:/home/jboss/.m2/repository/com/github/mifmif/generex/1.0.1/generex-1.0.1.jar:/home/jboss/.m2/repository/dk/brics/automaton/automaton/1.11-8/automaton-1.11-8.jar:/home/jboss/.m2/repository/org/springframework/boot/spring-boot-starter-test/2.1.6.RELEASE/spring-boot-starter-test-2.1.6.RELEASE.jar:/home/jboss/.m2/repository/org/springframework/boot/spring-boot-test/2.1.6.RELEASE/spring-boot-test-2.1.6.RELEASE.jar:/home/jboss/.m2/repository/org/springframework/boot/spring-boot-test-autoconfigure/2.1.6.RELEASE/spring-boot-test-autoconfigure-2.1.6.RELEASE.jar:/home/jboss/.m2/repository/com/jayway/jsonpath/json-path/2.4.0/json-path-2.4.0.jar:/home/jboss/.m2/repository/net/minidev/json-smart/2.3/json-smart-2.3.jar:/home/jboss/.m2/repository/net/minidev/accessors-smart/1.2/accessors-smart-1.2.jar:/home/jboss/.m2/repository/org/ow2/asm/asm/7.2/asm-7.2.jar:/home/jboss/.m2/repository/junit/junit/4.12.0.redhat-003/junit-4.12.0.redhat-003.jar:/home/jboss/.m2/repository/org/assertj/assertj-core/3.11.1/assertj-core-3.11.1.jar:/home/jboss/.m2/repository/org/mockito/mockito-core/2.23.4/mockito-core-2.23.4.jar:/home/jboss/.m2/repository/net/bytebuddy/byte-buddy/1.9.13/byte-buddy-1.9.13.jar:/home/jboss/.m2/repository/net/bytebuddy/byte-buddy-agent/1.9.13/byte-buddy-agent-1.9.13.jar:/home/jboss/.m2/repository/org/objenesis/objenesis/2.6/objenesis-2.6.jar:/home/jboss/.m2/repository/org/hamcrest/hamcrest-core/1.3/hamcrest-core-1.3.jar:/home/jboss/.m2/repository/org/hamcrest/hamcrest-library/1.3/hamcrest-library-1.3.jar:/home/jboss/.m2/repository/org/skyscreamer/jsonassert/1.5.0/jsonassert-1.5.0.jar:/home/jboss/.m2/repository/com/vaadin/external/google/android-json/0.0.20131108.vaadin1/android-json-0.0.20131108.vaadin1.jar:/home/jboss/.m2/repository/org/springframework/spring-core/5.1.8.RELEASE/spring-core-5.1.8.RELEASE.jar:/home/jboss/.m2/repository/org/springframework/spring-jcl/5.1.8.RELEASE/spring-jcl-5.1.8.RELEASE.jar:/home/jboss/.m2/repository/org/springframework/spring-test/5.1.8.RELEASE/spring-test-5.1.8.RELEASE.jar:/home/jboss/.m2/repository/org/xmlunit/xmlunit-core/2.6.2/xmlunit-core-2.6.2.jar:/home/jboss/.m2/repository/org/apache/camel/camel-test/2.23.2.fuse-770010-redhat-00001/camel-test-2.23.2.fuse-770010-redhat-00001.jar:/home/jboss/.m2/repository/org/apache/camel/camel-core/2.23.2.fuse-770010-redhat-00001/camel-core-2.23.2.fuse-770010-redhat-00001.jar:/home/jboss/.m2/repository/com/sun/xml/bind/jaxb-core/2.3.0/jaxb-core-2.3.0.jar:/home/jboss/.m2/repository/com/sun/xml/bind/jaxb-impl/2.3.0/jaxb-impl-2.3.0.jar:/home/jboss/.m2/repository/org/arquillian/cube/arquillian-cube-requirement/1.18.2/arquillian-cube-requirement-1.18.2.jar:/home/jboss/.m2/repository/org/arquillian/cube/arquillian-cube-spi/1.18.2/arquillian-cube-spi-1.18.2.jar:/home/jboss/.m2/repository/org/arquillian/reporter/arquillian-core-reporter-api/0.0.3/arquillian-core-reporter-api-0.0.3.jar:/home/jboss/.m2/repository/org/arquillian/reporter/arquillian-reporter-api/0.0.3/arquillian-reporter-api-0.0.3.jar:/home/jboss/.m2/repository/org/arquillian/cube/arquillian-cube-requirement-spi/1.18.2/arquillian-cube-requirement-spi-1.18.2.jar:/home/jboss/.m2/repository/org/jboss/arquillian/junit/arquillian-junit-core/1.4.1.Final/arquillian-junit-core-1.4.1.Final.jar:/home/jboss/.m2/repository/org/arquillian/cube/arquillian-cube-openshift/1.18.2/arquillian-cube-openshift-1.18.2.jar:/home/jboss/.m2/repository/org/arquillian/cube/arquillian-cube-api/1.18.2/arquillian-cube-api-1.18.2.jar:/home/jboss/.m2/repository/org/arquillian/cube/arquillian-cube-core/1.18.2/arquillian-cube-core-1.18.2.jar:/home/jboss/.m2/repository/commons-io/commons-io/2.5.0.redhat-3/commons-io-2.5.0.redhat-3.jar:/home/jboss/.m2/repository/org/arquillian/cube/arquillian-cube-kubernetes/1.18.2/arquillian-cube-kubernetes-1.18.2.jar:/home/jboss/.m2/repository/org/arquillian/cube/fabric8-maven-plugin-build/1.18.2/fabric8-maven-plugin-build-1.18.2.jar:/home/jboss/.m2/repository/org/jboss/shrinkwrap/resolver/shrinkwrap-resolver-impl-maven-embedded/3.0.1/shrinkwrap-resolver-impl-maven-embedded-3.0.1.jar:/home/jboss/.m2/repository/org/jboss/shrinkwrap/shrinkwrap-impl-base/1.2.6/shrinkwrap-impl-base-1.2.6.jar:/home/jboss/.m2/repository/org/jboss/shrinkwrap/shrinkwrap-spi/1.2.6/shrinkwrap-spi-1.2.6.jar:/home/jboss/.m2/repository/org/jboss/shrinkwrap/resolver/shrinkwrap-resolver-api-maven-embedded/3.0.1/shrinkwrap-resolver-api-maven-embedded-3.0.1.jar:/home/jboss/.m2/repository/org/apache/maven/shared/maven-invoker/3.0.0/maven-invoker-3.0.0.jar:/home/jboss/.m2/repository/org/codehaus/plexus/plexus-component-annotations/1.7/plexus-component-annotations-1.7.jar:/home/jboss/.m2/repository/org/fusesource/jansi/jansi/1.11/jansi-1.11.jar:/home/jboss/.m2/repository/org/jboss/shrinkwrap/resolver/shrinkwrap-resolver-api/2.2.6/shrinkwrap-resolver-api-2.2.6.jar:/home/jboss/.m2/repository/org/jboss/shrinkwrap/resolver/shrinkwrap-resolver-spi/2.2.6/shrinkwrap-resolver-spi-2.2.6.jar:/home/jboss/.m2/repository/org/jboss/shrinkwrap/resolver/shrinkwrap-resolver-api-maven/2.2.6/shrinkwrap-resolver-api-maven-2.2.6.jar:/home/jboss/.m2/repository/org/jboss/shrinkwrap/resolver/shrinkwrap-resolver-spi-maven/2.2.6/shrinkwrap-resolver-spi-maven-2.2.6.jar:/home/jboss/.m2/repository/org/jboss/shrinkwrap/resolver/shrinkwrap-resolver-api-maven-archive/2.2.6/shrinkwrap-resolver-api-maven-archive-2.2.6.jar:/home/jboss/.m2/repository/org/jboss/shrinkwrap/resolver/shrinkwrap-resolver-impl-maven/2.2.6/shrinkwrap-resolver-impl-maven-2.2.6.jar:/home/jboss/.m2/repository/org/eclipse/aether/aether-api/1.0.0.v20140518/aether-api-1.0.0.v20140518.jar:/home/jboss/.m2/repository/org/eclipse/aether/aether-impl/1.0.0.v20140518/aether-impl-1.0.0.v20140518.jar:/home/jboss/.m2/repository/org/eclipse/aether/aether-spi/1.0.0.v20140518/aether-spi-1.0.0.v20140518.jar:/home/jboss/.m2/repository/org/eclipse/aether/aether-util/1.0.0.v20140518/aether-util-1.0.0.v20140518.jar:/home/jboss/.m2/repository/org/eclipse/aether/aether-connector-basic/1.0.0.v20140518/aether-connector-basic-1.0.0.v20140518.jar:/home/jboss/.m2/repository/org/eclipse/aether/aether-transport-wagon/1.0.0.v20140518/aether-transport-wagon-1.0.0.v20140518.jar:/home/jboss/.m2/repository/org/apache/maven/maven-aether-provider/3.2.5/maven-aether-provider-3.2.5.jar:/home/jboss/.m2/repository/org/apache/maven/maven-model/3.2.5/maven-model-3.2.5.jar:/home/jboss/.m2/repository/org/apache/maven/maven-model-builder/3.2.5/maven-model-builder-3.2.5.jar:/home/jboss/.m2/repository/org/apache/maven/maven-repository-metadata/3.2.5/maven-repository-metadata-3.2.5.jar:/home/jboss/.m2/repository/org/apache/maven/maven-settings/3.2.5/maven-settings-3.2.5.jar:/home/jboss/.m2/repository/org/apache/maven/maven-settings-builder/3.2.5/maven-settings-builder-3.2.5.jar:/home/jboss/.m2/repository/org/codehaus/plexus/plexus-interpolation/1.21/plexus-interpolation-1.21.jar:/home/jboss/.m2/repository/org/codehaus/plexus/plexus-utils/3.0.20/plexus-utils-3.0.20.jar:/home/jboss/.m2/repository/org/sonatype/plexus/plexus-sec-dispatcher/1.3/plexus-sec-dispatcher-1.3.jar:/home/jboss/.m2/repository/org/sonatype/plexus/plexus-cipher/1.4/plexus-cipher-1.4.jar:/home/jboss/.m2/repository/org/apache/maven/wagon/wagon-provider-api/2.6/wagon-provider-api-2.6.jar:/home/jboss/.m2/repository/org/apache/maven/wagon/wagon-file/2.6/wagon-file-2.6.jar:/home/jboss/.m2/repository/commons-lang/commons-lang/2.6/commons-lang-2.6.jar:/home/jboss/.m2/repository/org/apache/maven/wagon/wagon-http-lightweight/2.6/wagon-http-lightweight-2.6.jar:/home/jboss/.m2/repository/org/apache/maven/wagon/wagon-http-shared/2.6/wagon-http-shared-2.6.jar:/home/jboss/.m2/repository/org/jsoup/jsoup/1.7.2/jsoup-1.7.2.jar:/home/jboss/.m2/repository/org/jboss/shrinkwrap/resolver/shrinkwrap-resolver-impl-maven-archive/2.2.6/shrinkwrap-resolver-impl-maven-archive-2.2.6.jar:/home/jboss/.m2/repository/org/jboss/shrinkwrap/resolver/shrinkwrap-resolver-spi-maven-archive/2.2.6/shrinkwrap-resolver-spi-maven-archive-2.2.6.jar:/home/jboss/.m2/repository/org/eclipse/sisu/org.eclipse.sisu.plexus/0.3.0.M1/org.eclipse.sisu.plexus-0.3.0.M1.jar:/home/jboss/.m2/repository/javax/enterprise/cdi-api/1.2.0.redhat-2/cdi-api-1.2.0.redhat-2.jar:/home/jboss/.m2/repository/javax/el/javax.el-api/3.0.0/javax.el-api-3.0.0.jar:/home/jboss/.m2/repository/javax/interceptor/javax.interceptor-api/1.2/javax.interceptor-api-1.2.jar:/home/jboss/.m2/repository/org/eclipse/sisu/org.eclipse.sisu.inject/0.3.0.M1/org.eclipse.sisu.inject-0.3.0.M1.jar:/home/jboss/.m2/repository/org/codehaus/plexus/plexus-compiler-javac/2.3/plexus-compiler-javac-2.3.jar:/home/jboss/.m2/repository/org/codehaus/plexus/plexus-compiler-api/2.3/plexus-compiler-api-2.3.jar:/home/jboss/.m2/repository/org/arquillian/spacelift/arquillian-spacelift/1.0.2/arquillian-spacelift-1.0.2.jar:/home/jboss/.m2/repository/org/arquillian/spacelift/arquillian-spacelift-api/1.0.2/arquillian-spacelift-api-1.0.2.jar:/home/jboss/.m2/repository/org/jboss/arquillian/core/arquillian-core-spi/1.4.1.Final/arquillian-core-spi-1.4.1.Final.jar:/home/jboss/.m2/repository/org/jboss/arquillian/core/arquillian-core-api/1.4.1.Final/arquillian-core-api-1.4.1.Final.jar:/home/jboss/.m2/repository/org/jboss/arquillian/config/arquillian-config-api/1.4.1.Final/arquillian-config-api-1.4.1.Final.jar:/home/jboss/.m2/repository/org/jboss/shrinkwrap/descriptors/shrinkwrap-descriptors-api-base/2.0.0/shrinkwrap-descriptors-api-base-2.0.0.jar:/home/jboss/.m2/repository/org/jboss/arquillian/test/arquillian-test-spi/1.4.1.Final/arquillian-test-spi-1.4.1.Final.jar:/home/jboss/.m2/repository/org/jboss/arquillian/test/arquillian-test-api/1.4.1.Final/arquillian-test-api-1.4.1.Final.jar:/home/jboss/.m2/repository/org/awaitility/awaitility/3.1.3/awaitility-3.1.3.jar:/home/jboss/.m2/repository/io/github/lukehutch/fast-classpath-scanner/2.9.3/fast-classpath-scanner-2.9.3.jar:/home/jboss/.m2/repository/javax/inject/javax.inject/1.0.0.redhat-6/javax.inject-1.0.0.redhat-6.jar:/home/jboss/.m2/repository/io/fabric8/kubernetes-openshift-uberjar/4.0.3/kubernetes-openshift-uberjar-4.0.3-versioned.jar:/home/jboss/.m2/repository/org/arquillian/cube/arquillian-cube-openshift-api/1.18.2/arquillian-cube-openshift-api-1.18.2.jar:/home/jboss/.m2/repository/org/jboss/jboss-dmr/1.2.0.Final/jboss-dmr-1.2.0.Final.jar:/home/jboss/.m2/repository/org/jboss/shrinkwrap/shrinkwrap-api/1.2.6/shrinkwrap-api-1.2.6.jar:/home/jboss/.m2/repository/org/jboss/shrinkwrap/descriptors/shrinkwrap-descriptors-impl-javaee/2.0.0/shrinkwrap-descriptors-impl-javaee-2.0.0.jar:/home/jboss/.m2/repository/org/jboss/shrinkwrap/descriptors/shrinkwrap-descriptors-api-javaee/2.0.0/shrinkwrap-descriptors-api-javaee-2.0.0.jar:/home/jboss/.m2/repository/org/jboss/shrinkwrap/descriptors/shrinkwrap-descriptors-impl-base/2.0.0/shrinkwrap-descriptors-impl-base-2.0.0.jar:/home/jboss/.m2/repository/org/javassist/javassist/3.18.1-GA/javassist-3.18.1-GA.jar:/home/jboss/.m2/repository/com/fasterxml/jackson/jaxrs/jackson-jaxrs-json-provider/2.9.10.redhat-00003/jackson-jaxrs-json-provider-2.9.10.redhat-00003.jar:/home/jboss/.m2/repository/com/fasterxml/jackson/jaxrs/jackson-jaxrs-base/2.9.10.redhat-00003/jackson-jaxrs-base-2.9.10.redhat-00003.jar:/home/jboss/.m2/repository/com/squareup/okhttp3/okhttp/3.8.0/okhttp-3.8.0.jar:/home/jboss/.m2/repository/com/squareup/okio/okio/1.13.0/okio-1.13.0.jar:/home/jboss/.m2/repository/org/kohsuke/metainf-services/metainf-services/1.6/metainf-services-1.6.jar:/home/jboss/.m2/repository/org/jolokia/jolokia-client-java/1.3.4/jolokia-client-java-1.3.4.jar:/home/jboss/.m2/repository/com/googlecode/json-simple/json-simple/1.1.1/json-simple-1.1.1.jar:/home/jboss/.m2/repository/org/jboss/arquillian/junit/arquillian-junit-standalone/1.4.1.Final/arquillian-junit-standalone-1.4.1.Final.jar:/home/jboss/.m2/repository/org/jboss/arquillian/core/arquillian-core-impl-base/1.4.1.Final/arquillian-core-impl-base-1.4.1.Final.jar:/home/jboss/.m2/repository/org/jboss/arquillian/test/arquillian-test-impl-base/1.4.1.Final/arquillian-test-impl-base-1.4.1.Final.jar:/home/jboss/.m2/repository/org/jboss/arquillian/config/arquillian-config-impl-base/1.4.1.Final/arquillian-config-impl-base-1.4.1.Final.jar:/home/jboss/.m2/repository/org/jboss/arquillian/config/arquillian-config-spi/1.4.1.Final/arquillian-config-spi-1.4.1.Final.jar:/home/jboss/.m2/repository/org/jboss/shrinkwrap/descriptors/shrinkwrap-descriptors-spi/2.0.0/shrinkwrap-descriptors-spi-2.0.0.jar:"/>
    <property name="sun.cpu.endian" value="little"/>
    <property name="user.home" value="/home/jboss"/>
    <property name="user.language" value="en"/>
    <property name="java.specification.vendor" value="Oracle Corporation"/>
    <property name="java.home" value="/usr/lib/jvm/java-1.8.0-openjdk-1.8.0.282.b08-2.el8_3.x86_64/jre"/>
    <property name="basedir" value="/projects/java-fuse"/>
    <property name="file.separator" value="/"/>
    <property name="line.separator" value="&#10;"/>
    <property name="java.vm.specification.vendor" value="Oracle Corporation"/>
    <property name="java.specification.name" value="Java Platform API Specification"/>
    <property name="java.awt.graphicsenv" value="sun.awt.X11GraphicsEnvironment"/>
    <property name="surefire.real.class.path" value="/projects/java-fuse/target/surefire/surefirebooter7764387668933503749.jar"/>
    <property name="sun.boot.class.path" value="/usr/lib/jvm/java-1.8.0-openjdk-1.8.0.282.b08-2.el8_3.x86_64/jre/lib/resources.jar:/usr/lib/jvm/java-1.8.0-openjdk-1.8.0.282.b08-2.el8_3.x86_64/jre/lib/rt.jar:/usr/lib/jvm/java-1.8.0-openjdk-1.8.0.282.b08-2.el8_3.x86_64/jre/lib/sunrsasign.jar:/usr/lib/jvm/java-1.8.0-openjdk-1.8.0.282.b08-2.el8_3.x86_64/jre/lib/jsse.jar:/usr/lib/jvm/java-1.8.0-openjdk-1.8.0.282.b08-2.el8_3.x86_64/jre/lib/jce.jar:/usr/lib/jvm/java-1.8.0-openjdk-1.8.0.282.b08-2.el8_3.x86_64/jre/lib/charsets.jar:/usr/lib/jvm/java-1.8.0-openjdk-1.8.0.282.b08-2.el8_3.x86_64/jre/lib/jfr.jar:/usr/lib/jvm/java-1.8.0-openjdk-1.8.0.282.b08-2.el8_3.x86_64/jre/classes"/>
    <property name="sun.management.compiler" value="HotSpot 64-Bit Tiered Compilers"/>
    <property name="java.runtime.version" value="1.8.0_282-b08"/>
    <property name="user.name" value="jboss"/>
    <property name="path.separator" value=":"/>
    <property name="os.version" value="4.18.0-193.41.1.el8_2.x86_64"/>
    <property name="java.endorsed.dirs" value="/usr/lib/jvm/java-1.8.0-openjdk-1.8.0.282.b08-2.el8_3.x86_64/jre/lib/endorsed"/>
    <property name="java.runtime.name" value="OpenJDK Runtime Environment"/>
    <property name="file.encoding" value="UTF-8"/>
    <property name="java.vm.name" value="OpenJDK 64-Bit Server VM"/>
    <property name="localRepository" value="/home/jboss/.m2/repository"/>
    <property name="java.vendor.url.bug" value="https://bugzilla.redhat.com/enter_bug.cgi?product=Red%20Hat%20Enterprise%20Linux%208&amp;component=java-1.8.0-openjdk"/>
    <property name="java.io.tmpdir" value="/tmp"/>
    <property name="java.version" value="1.8.0_282"/>
    <property name="user.dir" value="/projects/java-fuse"/>
    <property name="os.arch" value="amd64"/>
    <property name="java.vm.specification.name" value="Java Virtual Machine Specification"/>
    <property name="java.awt.printerjob" value="sun.print.PSPrinterJob"/>
    <property name="sun.os.patch.level" value="unknown"/>
    <property name="java.library.path" value="/usr/java/packages/lib/amd64:/usr/lib64:/lib64:/lib:/usr/lib"/>
    <property name="java.vm.info" value="mixed mode"/>
    <property name="java.vendor" value="Red Hat, Inc."/>
    <property name="java.vm.version" value="25.282-b08"/>
    <property name="java.ext.dirs" value="/usr/lib/jvm/java-1.8.0-openjdk-1.8.0.282.b08-2.el8_3.x86_64/jre/lib/ext:/usr/java/packages/lib/ext"/>
    <property name="sun.io.unicode.encoding" value="UnicodeLittle"/>
    <property name="java.class.version" value="52.0"/>
  </properties>
  <testcase name="healthShouldReturnOkMessage" classname="com.redhat.fuse.boosters.rest.http.HttpRequestTest" time="0.767"/>
  <testcase name="greetingsShouldReturnFallbackMessage" classname="com.redhat.fuse.boosters.rest.http.HttpRequestTest" time="0.099"/>
</testsuite>